<?xml version="1.0" encoding="UTF-8"?>
<beans xmlns="http://www.springframework.org/schema/beans" xmlns:xsi="http://www.w3.org/2001/XMLSchema-instance"
		xmlns:context="http://www.springframework.org/schema/context"
		xmlns:tx="http://www.springframework.org/schema/tx"
		xsi:schemaLocation="
			http://www.springframework.org/schema/beans
			http://www.springframework.org/schema/beans/spring-beans-2.5.xsd
			http://www.springframework.org/schema/context
			http://www.springframework.org/schema/context/spring-context-2.5.xsd
			http://www.springframework.org/schema/tx
			http://www.springframework.org/schema/tx/spring-tx-2.5.xsd">
	
	
	<!-- Enables annotation based configuration for @Transactional, @Repository, and @PersistenceContext -->
	<context:component-scan base-package="org.springframework.samples.springtravel.hotel.booking"/>
	
	<!-- Instructs Spring to perform declarative transaction management on annotated classes -->
	<tx:annotation-driven />
	
	<!-- Deploys a in-memory "booking" datasource populated; can easily swap out -->
	<bean id="dataSource" class="org.springframework.jdbc.datasource.DriverManagerDataSource">
		<property name="driverClassName" value="org.hsqldb.jdbcDriver" />
		<property name="url" value="jdbc:hsqldb:mem:booking" />
		<property name="username" value="sa" />
		<property name="password" value="" />
	</bean>
	
	<!-- Drives local transactions using the JPA API --> 	
	<bean id="transactionManager" class="org.springframework.orm.jpa.JpaTransactionManager">
		<property name="entityManagerFactory" ref="entityManagerFactory"/>
	</bean>
		
    <!-- Creates a EntityManagerFactory for use with the Hibernate JPA provider -->
    <bean id="entityManagerFactory" class="org.springframework.orm.jpa.LocalContainerEntityManagerFactoryBean">
    	<property name="persistenceXmlLocation" value="classpath:/test-booking-persistence.xml"/>
    	<property name="dataSource" ref="dataSource" />
        <property name="jpaVendorAdapter">
            <bean class="org.springframework.orm.jpa.vendor.HibernateJpaVendorAdapter" />
        </property>
    </bean>
	
</beans>